<?xml version="1.0" encoding="utf-8"?>
<shfbBuild product="Sandcastle Help File Builder and Tools" version="2019.11.17.0" projectFile="C:\Gitlab-Runner\builds\bj3q1iez\0\sdk\datalogic-xamarin-sdk\Documentation\datalogic-xamarin-sdk.shfbproj" started="12/15/2022 7:55:37 PM">
<buildStep step="Initializing">
Finding tools...
The Sandcastle tools are located in &#39;C:\Program Files (x86)\EWSoftware\Sandcastle Help File Builder\&#39;
Locating components in the following folder(s):
    C:\Gitlab-Runner\builds\bj3q1iez\0\sdk\datalogic-xamarin-sdk\Documentation
    C:\ProgramData\EWSoftware\Sandcastle Help File Builder\Components and Plug-Ins\
    C:\Program Files (x86)\EWSoftware\Sandcastle Help File Builder\
Using framework reflection data for &#39;.NET Framework 4.5&#39; located in &#39;C:\Program Files (x86)\EWSoftware\Sandcastle Help File Builder\Data\.NETFramework&#39;
Using presentation style &#39;VS2013&#39; located in &#39;C:\Program Files (x86)\EWSoftware\Sandcastle Help File Builder\PresentationStyles\VS2013&#39;
Loading and initializing plug-ins...
Assembly Binding Redirection Version 2019.11.17.0
Copyright &#169; 2006-2019, Eric Woodruff, All Rights Reserved
Lightweight Website Style Version 2019.11.17.0
Copyright &#169; 2006-2019, Eric Woodruff, All Rights Reserved
Portions Copyright &#169; 2014, Sam Harwell, All Rights Reserved
-------------------------------
Clearing any prior web/markdown output...
</buildStep>
<buildStep step="ValidatingDocumentationSources">
Validating and copying documentation source information
Source: C:\Gitlab-Runner\builds\bj3q1iez\0\sdk\datalogic-xamarin-sdk\datalogic-xamarin-sdk\bin\Release\datalogic-xamarin-sdk.dll
    Found assembly &#39;C:\Gitlab-Runner\builds\bj3q1iez\0\sdk\datalogic-xamarin-sdk\datalogic-xamarin-sdk\bin\Release\datalogic-xamarin-sdk.dll&#39;
Source: C:\Gitlab-Runner\builds\bj3q1iez\0\sdk\datalogic-xamarin-sdk\datalogic-xamarin-sdk\bin\Release\datalogic-xamarin-sdk.xml

Copying XML comments files
    C:\Gitlab-Runner\builds\bj3q1iez\0\sdk\datalogic-xamarin-sdk\datalogic-xamarin-sdk\bin\Release\datalogic-xamarin-sdk.xml -&gt; C:\Gitlab-Runner\builds\bj3q1iez\0\sdk\datalogic-xamarin-sdk\Documentation\Help\Working\datalogic-xamarin-sdk.xml
</buildStep>
<buildStep step="GenerateSharedContent">
Generating shared content files (en-US, English (United States))...
<plugIn name="Lightweight Website Style" behavior="After" priority="1000">
</plugIn>    Last step completed in 00:00:00.0639
</buildStep>
<buildStep step="GenerateApiFilter">
Generating API filter for MRefBuilder...
    Last step completed in 00:00:00.0780
</buildStep>
<buildStep step="GenerateReflectionInfo">
Generating reflection information...
<plugIn name="Assembly Binding Redirection" behavior="Before" priority="1000">
Adding ignored assembly names to assembly resolver configuration:
    BusinessObjects.Licensing.KeycodeDecoder
    Java.Interop
    Microsoft.VisualStudio.TestTools.UITest.Playback
    Mono.Android
    System.Runtime.Serialization
</plugIn>[D:\VS\2019\Professional\MSBuild\Current\Bin\MSBuild.exe - GenerateRefInfo.proj]
Build started 12/15/2022 7:55:41 PM.
Project &quot;C:\Gitlab-Runner\builds\bj3q1iez\0\sdk\datalogic-xamarin-sdk\Documentation\Help\Working\GenerateRefInfo.proj&quot; on node 1 (default targets).
PrepareForBuild:
  Creating directory &quot;obj\Debug\&quot;.
GenerateRefInfo:
  MRefBuilder (v2019.11.17.0)
  Copyright c 2006-2019, Microsoft Corporation, All Rights Reserved.
  Portions Copyright c 2006-2019, Eric Woodruff, All Rights Reserved.
  No source code context base path specified.  Source context information is unavailable.
  Loaded 1 assemblies for reflection and 1 dependency assemblies.
MRefBuilder : warning : Ignoring unresolved assembly reference: Mono.Android (Mono.Android, Version=0.0.0.0, Culture=neutral, PublicKeyToken=84e04ff9cfb79065) required by datalogic-xamarin-sdk [C:\Gitlab-Runner\builds\bj3q1iez\0\sdk\datalogic-xamarin-sdk\Documentation\Help\Working\GenerateRefInfo.proj]
MRefBuilder : warning : Ignoring unresolved assembly reference: Java.Interop (Java.Interop, Version=0.1.0.0, Culture=neutral, PublicKeyToken=84e04ff9cfb79065) required by datalogic-xamarin-sdk [C:\Gitlab-Runner\builds\bj3q1iez\0\sdk\datalogic-xamarin-sdk\Documentation\Help\Working\GenerateRefInfo.proj]
  Wrote information on 17 namespaces, 249 types, and 3185 members
  Copying file from &quot;C:\Gitlab-Runner\builds\bj3q1iez\0\sdk\datalogic-xamarin-sdk\Documentation\Help\Working\reflection.org&quot; to &quot;C:\Gitlab-Runner\builds\bj3q1iez\0\sdk\datalogic-xamarin-sdk\Documentation\Help\Working\reflection.all&quot;.
  XslTransform (v2019.11.17.0)
  Copyright c 2006-2019, Microsoft Corporation, All Rights Reserved.
  Portions Copyright c 2006-2019, Eric Woodruff, All Rights Reserved.
  Applying XSL transformation &#39;C:\Program Files (x86)\EWSoftware\Sandcastle Help File Builder\ProductionTransforms\MergeDuplicates.xsl&#39;.
Done Building Project &quot;C:\Gitlab-Runner\builds\bj3q1iez\0\sdk\datalogic-xamarin-sdk\Documentation\Help\Working\GenerateRefInfo.proj&quot; (default targets).
    Last step completed in 00:00:03.2492
</buildStep>
<buildStep step="TransformReflectionInfo">
Transforming reflection output...
[D:\VS\2019\Professional\MSBuild\Current\Bin\MSBuild.exe - TransformManifest.proj]
Build started 12/15/2022 7:55:44 PM.
Project &quot;C:\Gitlab-Runner\builds\bj3q1iez\0\sdk\datalogic-xamarin-sdk\Documentation\Help\Working\TransformManifest.proj&quot; on node 1 (default targets).
TransformManifest:
  XslTransform (v2019.11.17.0)
  Copyright c 2006-2019, Microsoft Corporation, All Rights Reserved.
  Portions Copyright c 2006-2019, Eric Woodruff, All Rights Reserved.
  Applying XSL transformation &#39;C:\Program Files (x86)\EWSoftware\Sandcastle Help File Builder\\ProductionTransforms\ApplyVSDocModel.xsl&#39;.
  Copying file from &quot;C:\Gitlab-Runner\builds\bj3q1iez\0\sdk\datalogic-xamarin-sdk\Documentation\Help\Working\reflection.xml&quot; to &quot;C:\Gitlab-Runner\builds\bj3q1iez\0\sdk\datalogic-xamarin-sdk\Documentation\Help\Working\reflection.nofilenames&quot;.
  XslTransform (v2019.11.17.0)
  Copyright c 2006-2019, Microsoft Corporation, All Rights Reserved.
  Portions Copyright c 2006-2019, Eric Woodruff, All Rights Reserved.
  Applying XSL transformation &#39;C:\Program Files (x86)\EWSoftware\Sandcastle Help File Builder\ProductionTransforms\AddFilenames.xsl&#39;.
    Unique name M_Com_Datalogic_Decode_BarcodeManager_StartDecode_1 generated for M:Com.Datalogic.Decode.BarcodeManager.StartDecode(System.Int32)
    Unique name M_Com_Datalogic_Decode_DecodeException__ctor_1 generated for M:Com.Datalogic.Decode.DecodeException.#ctor(Com.Datalogic.Decode.DecodeException)
    Unique name M_Com_Datalogic_Decode_DecodeException__ctor_2 generated for M:Com.Datalogic.Decode.DecodeException.#ctor(System.Int32)
    Unique name M_Com_Datalogic_Decode_DecodeException__ctor_3 generated for M:Com.Datalogic.Decode.DecodeException.#ctor(System.String)
    Unique name M_Com_Datalogic_Decode_DecodeException__ctor_4 generated for M:Com.Datalogic.Decode.DecodeException.#ctor(System.String,System.Int32)
    Unique name M_Com_Datalogic_Decode_VisualFormatter_Remove_1 generated for M:Com.Datalogic.Decode.VisualFormatter.Remove(System.String)
    Unique name M_Com_Datalogic_Decode_Utils_GS1Parser_ParsingException__ctor_1 generated for M:Com.Datalogic.Decode.Utils.GS1Parser.ParsingException.#ctor(System.String)
    Unique name M_Com_Datalogic_Device_DeviceException__ctor_1 generated for M:Com.Datalogic.Device.DeviceException.#ctor(System.Int32)
    Unique name M_Com_Datalogic_Device_DeviceException__ctor_2 generated for M:Com.Datalogic.Device.DeviceException.#ctor(System.String)
    Unique name M_Com_Datalogic_Device_DeviceException__ctor_3 generated for M:Com.Datalogic.Device.DeviceException.#ctor(System.String,System.Int32)
    Unique name M_Com_Datalogic_Device_App_AppManagerException__ctor_1 generated for M:Com.Datalogic.Device.App.AppManagerException.#ctor(System.Int32)
    Unique name M_Com_Datalogic_Device_App_AppManagerException__ctor_2 generated for M:Com.Datalogic.Device.App.AppManagerException.#ctor(System.String)
    Unique name M_Com_Datalogic_Device_App_AppManagerException__ctor_3 generated for M:Com.Datalogic.Device.App.AppManagerException.#ctor(System.String,System.Int32)
    Unique name M_Com_Datalogic_Device_App_PackageInstaller_Install_1 generated for M:Com.Datalogic.Device.App.PackageInstaller.Install(System.String,System.Boolean,Com.Datalogic.Device.App.IPackageInstallerListener)
    Unique name M_Com_Datalogic_Device_App_PackageInstallerException__ctor_1 generated for M:Com.Datalogic.Device.App.PackageInstallerException.#ctor(System.Int32)
    Unique name M_Com_Datalogic_Device_App_PackageInstallerException__ctor_2 generated for M:Com.Datalogic.Device.App.PackageInstallerException.#ctor(System.String)
    Unique name M_Com_Datalogic_Device_App_PackageInstallerException__ctor_3 generated for M:Com.Datalogic.Device.App.PackageInstallerException.#ctor(System.String,System.Int32)
    Unique name M_Com_Datalogic_Device_App_PackageInstallerSession_Install_1 generated for M:Com.Datalogic.Device.App.PackageInstallerSession.Install(System.String,System.Boolean)
    Unique name M_Com_Datalogic_Device_Battery_BatteryException__ctor_1 generated for M:Com.Datalogic.Device.Battery.BatteryException.#ctor(System.Int32)
    Unique name M_Com_Datalogic_Device_Battery_BatteryException__ctor_2 generated for M:Com.Datalogic.Device.Battery.BatteryException.#ctor(System.String)
    Unique name M_Com_Datalogic_Device_Battery_BatteryException__ctor_3 generated for M:Com.Datalogic.Device.Battery.BatteryException.#ctor(System.String,System.Int32)
    Unique name M_Com_Datalogic_Device_Configuration_ConfigException__ctor_1 generated for M:Com.Datalogic.Device.Configuration.ConfigException.#ctor(Com.Datalogic.Device.Configuration.ConfigException)
    Unique name M_Com_Datalogic_Device_Configuration_ConfigException__ctor_2 generated for M:Com.Datalogic.Device.Configuration.ConfigException.#ctor(System.Int32)
    Unique name M_Com_Datalogic_Device_Configuration_ConfigException__ctor_3 generated for M:Com.Datalogic.Device.Configuration.ConfigException.#ctor(System.String)
    Unique name M_Com_Datalogic_Device_Configuration_ConfigException__ctor_4 generated for M:Com.Datalogic.Device.Configuration.ConfigException.#ctor(System.String,System.Int32)
    Unique name M_Com_Datalogic_Device_Configuration_ConfigException__ctor_5 generated for M:Com.Datalogic.Device.Configuration.ConfigException.#ctor(System.String,System.Int32[],System.Int32)
    Unique name M_Com_Datalogic_Device_Configuration_NumericProperty__ctor_1 generated for M:Com.Datalogic.Device.Configuration.NumericProperty.#ctor(System.Int32,System.Int32,System.Int32)
    Unique name M_Com_Datalogic_Device_Configuration_ProfileManager_CreateProfile_1 generated for M:Com.Datalogic.Device.Configuration.ProfileManager.CreateProfile(System.String,System.Collections.Generic.IDictionary{Java.Lang.Integer,System.String},System.String,Com.Datalogic.Device.PersistenceType)
    Unique name M_Com_Datalogic_Device_Input_AdvancedKeyboard_AddActionEventListener_1 generated for M:Com.Datalogic.Device.Input.AdvancedKeyboard.AddActionEventListener(Com.Datalogic.Device.Input.AdvancedKeyboard.IActionEventListener,System.Int32)
    Unique name M_Com_Datalogic_Device_Input_AdvancedKeyboard_AddActionEventListener_2 generated for M:Com.Datalogic.Device.Input.AdvancedKeyboard.AddActionEventListener(Com.Datalogic.Device.Input.AdvancedKeyboard.IActionEventListener,System.Int32,System.Boolean)
    Unique name M_Com_Datalogic_Device_Input_AdvancedKeyboard_RemoveActionEventListener_1 generated for M:Com.Datalogic.Device.Input.AdvancedKeyboard.RemoveActionEventListener(Com.Datalogic.Device.Input.AdvancedKeyboard.IActionEventListener,System.Int32)
    Unique name M_Com_Datalogic_Device_Input_AdvancedKeyboard_RemoveActionEventListener_2 generated for M:Com.Datalogic.Device.Input.AdvancedKeyboard.RemoveActionEventListener(Com.Datalogic.Device.Input.AdvancedKeyboard.IActionEventListener,System.Int32,System.Boolean)
    Unique name M_Com_Datalogic_Device_Input_KeyCodeEntry__ctor_1 generated for M:Com.Datalogic.Device.Input.KeyCodeEntry.#ctor(System.Int32,System.Int32)
    Unique name M_Com_Datalogic_Device_Notification_LedManager_BlinkLed_1 generated for M:Com.Datalogic.Device.Notification.LedManager.BlinkLed(Com.Datalogic.Device.Notification.Led,System.Int32,System.Int32,System.Int32,System.Int32)
    Unique name M_Com_Datalogic_Device_Notification_LedManager_SetLed_1 generated for M:Com.Datalogic.Device.Notification.LedManager.SetLed(Com.Datalogic.Device.Notification.Led,System.Boolean,System.Int32)
    Unique name M_Com_Datalogic_Device_Wifi_WifiProfile_Builder_WithIpAddress_1 generated for M:Com.Datalogic.Device.Wifi.WifiProfile.Builder.WithIpAddress(System.String,System.Int32,System.String,System.String[])
    Unique name M_Com_Datalogic_Device_Wifi_WifiProfile_Builder_WithManualProxy_1 generated for M:Com.Datalogic.Device.Wifi.WifiProfile.Builder.WithManualProxy(System.String,System.Int32,System.String[])
    Unique name M_Com_Datalogic_Softspot_SoftSpot_SetCustomImage_1 generated for M:Com.Datalogic.Softspot.SoftSpot.SetCustomImage(Com.Datalogic.Softspot.ImageEnum,System.Byte[])
    Unique name M_Com_Datalogic_Softspot_SoftSpot_Point__ctor_1 generated for M:Com.Datalogic.Softspot.SoftSpot.Point.#ctor(System.Int32,System.Int32)
    Unique name M_Com_Datalogic_Softspot_SoftSpot_WorkingArea__ctor_1 generated for M:Com.Datalogic.Softspot.SoftSpot.WorkingArea.#ctor(System.Int32,System.Int32,System.Int32,System.Int32,System.Single,System.Single,System.Single,System.Single,Com.Datalogic.Softspot.SoftSpot.WorkingArea.RotationBehavior)
    Unique name M_Com_Datalogic_Softspot_SoftSpot_WorkingArea__ctor_2 generated for M:Com.Datalogic.Softspot.SoftSpot.WorkingArea.#ctor(System.Single,System.Single,System.Single,System.Single)
  XslTransform (v2019.11.17.0)
  Copyright c 2006-2019, Microsoft Corporation, All Rights Reserved.
  Portions Copyright c 2006-2019, Eric Woodruff, All Rights Reserved.
  Applying XSL transformation &#39;C:\Program Files (x86)\EWSoftware\Sandcastle Help File Builder\ProductionTransforms\ReflectionToManifest.xsl&#39;.
Done Building Project &quot;C:\Gitlab-Runner\builds\bj3q1iez\0\sdk\datalogic-xamarin-sdk\Documentation\Help\Working\TransformManifest.proj&quot; (default targets).
    Last step completed in 00:00:02.3832
</buildStep>
<buildStep step="GenerateNamespaceSummaries">
Generating namespace summary information...
    Last step completed in 00:00:00.1500
</buildStep>
<buildStep step="CopyAdditionalContent">
Copying additional content files...
No additional content to copy
    Last step completed in 00:00:00.0010
</buildStep>
<buildStep step="MergeTablesOfContents">
Merging conceptual and additional tables of contents...
    Last step completed in 00:00:00.0010
</buildStep>
<buildStep step="GenerateIntermediateTableOfContents">
Generating intermediate table of contents file...
[D:\VS\2019\Professional\MSBuild\Current\Bin\MSBuild.exe - GenerateIntermediateTOC.proj]
Build started 12/15/2022 7:55:46 PM.
Project &quot;C:\Gitlab-Runner\builds\bj3q1iez\0\sdk\datalogic-xamarin-sdk\Documentation\Help\Working\GenerateIntermediateTOC.proj&quot; on node 1 (default targets).
GenerateIntermediateTOC:
  XslTransform (v2019.11.17.0)
  Copyright c 2006-2019, Microsoft Corporation, All Rights Reserved.
  Portions Copyright c 2006-2019, Eric Woodruff, All Rights Reserved.
  Applying XSL transformation &#39;C:\Program Files (x86)\EWSoftware\Sandcastle Help File Builder\\ProductionTransforms\CreateVSToc.xsl&#39;.
Done Building Project &quot;C:\Gitlab-Runner\builds\bj3q1iez\0\sdk\datalogic-xamarin-sdk\Documentation\Help\Working\GenerateIntermediateTOC.proj&quot; (default targets).
Generating conceptual content intermediate TOC file...
    Last step completed in 00:00:00.4780
</buildStep>
<buildStep step="CreateBuildAssemblerConfigs">
Creating Sandcastle configuration files...
    sandcastle.config
    Last step completed in 00:00:00.5531
</buildStep>
<buildStep step="MergeCustomConfigs">
Merging custom build component configurations
C:\Gitlab-Runner\builds\bj3q1iez\0\sdk\datalogic-xamarin-sdk\Documentation\Help\Working\sandcastle.config
  Updating reference topic configurations.
  No conceptual content.  Removing conceptual content components.
    Last step completed in 00:00:00.0200
</buildStep>
<buildStep step="BuildTopics">
Building help topics...
[D:\VS\2019\Professional\MSBuild\Current\Bin\MSBuild.exe - BuildTopics.proj]
Build started 12/15/2022 7:55:47 PM.
Project &quot;C:\Gitlab-Runner\builds\bj3q1iez\0\sdk\datalogic-xamarin-sdk\Documentation\Help\Working\BuildTopics.proj&quot; on node 1 (default targets).
BuildTopics:
  BuildAssembler (v2019.11.17.0)
  Copyright c 2006-2019, Microsoft Corporation, All Rights Reserved.
  Portions Copyright c 2006-2019, Eric Woodruff, All Rights Reserved.
  Loading configuration...
  Processing topics...
  Processed 3944 topic(s)
  CopyFromIndexComponent: &quot;reflection&quot; in-memory cache entries used: 4 of 15.
  CopyFromIndexComponent: &quot;comments&quot; in-memory cache entries used: 2 of 30.
  SaveComponent: Waiting for the document writer task to finish (100 Website API file(s) remaining)...
Done Building Project &quot;C:\Gitlab-Runner\builds\bj3q1iez\0\sdk\datalogic-xamarin-sdk\Documentation\Help\Working\BuildTopics.proj&quot; (default targets).
    Last step completed in 00:00:51.9695
</buildStep>
<buildStep step="CombiningIntermediateTocFiles">
Combining conceptual and API intermediate TOC files...
    Last step completed in 00:00:00.0380
</buildStep>
<buildStep step="ExtractingHtmlInfo">
Extracting HTML info for HTML Help 1 and/or website...
[D:\VS\2019\Professional\MSBuild\Current\Bin\MSBuild.exe - ExtractHtmlInfo.proj]
Sandcastle Help File Builder and Tools, version 2019.11.17.0
Copyright c 2006-2019, Eric Woodruff, All Rights Reserved
E-Mail: Eric@EWoodruff.us

Using LCID &#39;1033&#39;, code page &#39;65001&#39;, encoding charset &#39;UTF-8&#39;.

Processing website files in C:\Gitlab-Runner\builds\bj3q1iez\0\sdk\datalogic-xamarin-sdk\Documentation\Help\Working\Output\Website
Processed 3944 HTML files
Sorting keywords and generating See Also indices
Saving website keyword index to C:\Gitlab-Runner\builds\bj3q1iez\0\sdk\datalogic-xamarin-sdk\Documentation\Help\Working\WebKI.xml
Saving website table of contents to C:\Gitlab-Runner\builds\bj3q1iez\0\sdk\datalogic-xamarin-sdk\Documentation\Help\Working\WebTOC.xml
    Last step completed in 00:00:15.1260
</buildStep>
<buildStep step="CopyStandardHelpContent">
Copying standard help content...
C:\Program Files (x86)\EWSoftware\Sandcastle Help File Builder\PresentationStyles\VS2013\icons\AlertCaution.png -&gt; C:\Gitlab-Runner\builds\bj3q1iez\0\sdk\datalogic-xamarin-sdk\Documentation\Help\Working\Output\Website\icons\AlertCaution.png
C:\Program Files (x86)\EWSoftware\Sandcastle Help File Builder\PresentationStyles\VS2013\icons\AlertNote.png -&gt; C:\Gitlab-Runner\builds\bj3q1iez\0\sdk\datalogic-xamarin-sdk\Documentation\Help\Working\Output\Website\icons\AlertNote.png
C:\Program Files (x86)\EWSoftware\Sandcastle Help File Builder\PresentationStyles\VS2013\icons\AlertSecurity.png -&gt; C:\Gitlab-Runner\builds\bj3q1iez\0\sdk\datalogic-xamarin-sdk\Documentation\Help\Working\Output\Website\icons\AlertSecurity.png
C:\Program Files (x86)\EWSoftware\Sandcastle Help File Builder\PresentationStyles\VS2013\icons\CFW.gif -&gt; C:\Gitlab-Runner\builds\bj3q1iez\0\sdk\datalogic-xamarin-sdk\Documentation\Help\Working\Output\Website\icons\CFW.gif
C:\Program Files (x86)\EWSoftware\Sandcastle Help File Builder\PresentationStyles\VS2013\icons\CodeExample.png -&gt; C:\Gitlab-Runner\builds\bj3q1iez\0\sdk\datalogic-xamarin-sdk\Documentation\Help\Working\Output\Website\icons\CodeExample.png
C:\Program Files (x86)\EWSoftware\Sandcastle Help File Builder\PresentationStyles\VS2013\icons\favicon.ico -&gt; C:\Gitlab-Runner\builds\bj3q1iez\0\sdk\datalogic-xamarin-sdk\Documentation\Help\Working\Output\Website\icons\favicon.ico
C:\Program Files (x86)\EWSoftware\Sandcastle Help File Builder\PresentationStyles\VS2013\icons\privclass.gif -&gt; C:\Gitlab-Runner\builds\bj3q1iez\0\sdk\datalogic-xamarin-sdk\Documentation\Help\Working\Output\Website\icons\privclass.gif
C:\Program Files (x86)\EWSoftware\Sandcastle Help File Builder\PresentationStyles\VS2013\icons\privdelegate.gif -&gt; C:\Gitlab-Runner\builds\bj3q1iez\0\sdk\datalogic-xamarin-sdk\Documentation\Help\Working\Output\Website\icons\privdelegate.gif
C:\Program Files (x86)\EWSoftware\Sandcastle Help File Builder\PresentationStyles\VS2013\icons\privenumeration.gif -&gt; C:\Gitlab-Runner\builds\bj3q1iez\0\sdk\datalogic-xamarin-sdk\Documentation\Help\Working\Output\Website\icons\privenumeration.gif
C:\Program Files (x86)\EWSoftware\Sandcastle Help File Builder\PresentationStyles\VS2013\icons\privevent.gif -&gt; C:\Gitlab-Runner\builds\bj3q1iez\0\sdk\datalogic-xamarin-sdk\Documentation\Help\Working\Output\Website\icons\privevent.gif
C:\Program Files (x86)\EWSoftware\Sandcastle Help File Builder\PresentationStyles\VS2013\icons\privextension.gif -&gt; C:\Gitlab-Runner\builds\bj3q1iez\0\sdk\datalogic-xamarin-sdk\Documentation\Help\Working\Output\Website\icons\privextension.gif
C:\Program Files (x86)\EWSoftware\Sandcastle Help File Builder\PresentationStyles\VS2013\icons\privfield.gif -&gt; C:\Gitlab-Runner\builds\bj3q1iez\0\sdk\datalogic-xamarin-sdk\Documentation\Help\Working\Output\Website\icons\privfield.gif
C:\Program Files (x86)\EWSoftware\Sandcastle Help File Builder\PresentationStyles\VS2013\icons\privinterface.gif -&gt; C:\Gitlab-Runner\builds\bj3q1iez\0\sdk\datalogic-xamarin-sdk\Documentation\Help\Working\Output\Website\icons\privinterface.gif
C:\Program Files (x86)\EWSoftware\Sandcastle Help File Builder\PresentationStyles\VS2013\icons\privmethod.gif -&gt; C:\Gitlab-Runner\builds\bj3q1iez\0\sdk\datalogic-xamarin-sdk\Documentation\Help\Working\Output\Website\icons\privmethod.gif
C:\Program Files (x86)\EWSoftware\Sandcastle Help File Builder\PresentationStyles\VS2013\icons\privproperty.gif -&gt; C:\Gitlab-Runner\builds\bj3q1iez\0\sdk\datalogic-xamarin-sdk\Documentation\Help\Working\Output\Website\icons\privproperty.gif
C:\Program Files (x86)\EWSoftware\Sandcastle Help File Builder\PresentationStyles\VS2013\icons\privstructure.gif -&gt; C:\Gitlab-Runner\builds\bj3q1iez\0\sdk\datalogic-xamarin-sdk\Documentation\Help\Working\Output\Website\icons\privstructure.gif
C:\Program Files (x86)\EWSoftware\Sandcastle Help File Builder\PresentationStyles\VS2013\icons\protclass.gif -&gt; C:\Gitlab-Runner\builds\bj3q1iez\0\sdk\datalogic-xamarin-sdk\Documentation\Help\Working\Output\Website\icons\protclass.gif
C:\Program Files (x86)\EWSoftware\Sandcastle Help File Builder\PresentationStyles\VS2013\icons\protdelegate.gif -&gt; C:\Gitlab-Runner\builds\bj3q1iez\0\sdk\datalogic-xamarin-sdk\Documentation\Help\Working\Output\Website\icons\protdelegate.gif
C:\Program Files (x86)\EWSoftware\Sandcastle Help File Builder\PresentationStyles\VS2013\icons\protenumeration.gif -&gt; C:\Gitlab-Runner\builds\bj3q1iez\0\sdk\datalogic-xamarin-sdk\Documentation\Help\Working\Output\Website\icons\protenumeration.gif
C:\Program Files (x86)\EWSoftware\Sandcastle Help File Builder\PresentationStyles\VS2013\icons\protevent.gif -&gt; C:\Gitlab-Runner\builds\bj3q1iez\0\sdk\datalogic-xamarin-sdk\Documentation\Help\Working\Output\Website\icons\protevent.gif
C:\Program Files (x86)\EWSoftware\Sandcastle Help File Builder\PresentationStyles\VS2013\icons\protextension.gif -&gt; C:\Gitlab-Runner\builds\bj3q1iez\0\sdk\datalogic-xamarin-sdk\Documentation\Help\Working\Output\Website\icons\protextension.gif
C:\Program Files (x86)\EWSoftware\Sandcastle Help File Builder\PresentationStyles\VS2013\icons\protfield.gif -&gt; C:\Gitlab-Runner\builds\bj3q1iez\0\sdk\datalogic-xamarin-sdk\Documentation\Help\Working\Output\Website\icons\protfield.gif
C:\Program Files (x86)\EWSoftware\Sandcastle Help File Builder\PresentationStyles\VS2013\icons\protinterface.gif -&gt; C:\Gitlab-Runner\builds\bj3q1iez\0\sdk\datalogic-xamarin-sdk\Documentation\Help\Working\Output\Website\icons\protinterface.gif
C:\Program Files (x86)\EWSoftware\Sandcastle Help File Builder\PresentationStyles\VS2013\icons\protmethod.gif -&gt; C:\Gitlab-Runner\builds\bj3q1iez\0\sdk\datalogic-xamarin-sdk\Documentation\Help\Working\Output\Website\icons\protmethod.gif
C:\Program Files (x86)\EWSoftware\Sandcastle Help File Builder\PresentationStyles\VS2013\icons\protoperator.gif -&gt; C:\Gitlab-Runner\builds\bj3q1iez\0\sdk\datalogic-xamarin-sdk\Documentation\Help\Working\Output\Website\icons\protoperator.gif
C:\Program Files (x86)\EWSoftware\Sandcastle Help File Builder\PresentationStyles\VS2013\icons\protproperty.gif -&gt; C:\Gitlab-Runner\builds\bj3q1iez\0\sdk\datalogic-xamarin-sdk\Documentation\Help\Working\Output\Website\icons\protproperty.gif
C:\Program Files (x86)\EWSoftware\Sandcastle Help File Builder\PresentationStyles\VS2013\icons\protstructure.gif -&gt; C:\Gitlab-Runner\builds\bj3q1iez\0\sdk\datalogic-xamarin-sdk\Documentation\Help\Working\Output\Website\icons\protstructure.gif
C:\Program Files (x86)\EWSoftware\Sandcastle Help File Builder\PresentationStyles\VS2013\icons\pubclass.gif -&gt; C:\Gitlab-Runner\builds\bj3q1iez\0\sdk\datalogic-xamarin-sdk\Documentation\Help\Working\Output\Website\icons\pubclass.gif
C:\Program Files (x86)\EWSoftware\Sandcastle Help File Builder\PresentationStyles\VS2013\icons\pubdelegate.gif -&gt; C:\Gitlab-Runner\builds\bj3q1iez\0\sdk\datalogic-xamarin-sdk\Documentation\Help\Working\Output\Website\icons\pubdelegate.gif
C:\Program Files (x86)\EWSoftware\Sandcastle Help File Builder\PresentationStyles\VS2013\icons\pubenumeration.gif -&gt; C:\Gitlab-Runner\builds\bj3q1iez\0\sdk\datalogic-xamarin-sdk\Documentation\Help\Working\Output\Website\icons\pubenumeration.gif
C:\Program Files (x86)\EWSoftware\Sandcastle Help File Builder\PresentationStyles\VS2013\icons\pubevent.gif -&gt; C:\Gitlab-Runner\builds\bj3q1iez\0\sdk\datalogic-xamarin-sdk\Documentation\Help\Working\Output\Website\icons\pubevent.gif
C:\Program Files (x86)\EWSoftware\Sandcastle Help File Builder\PresentationStyles\VS2013\icons\pubextension.gif -&gt; C:\Gitlab-Runner\builds\bj3q1iez\0\sdk\datalogic-xamarin-sdk\Documentation\Help\Working\Output\Website\icons\pubextension.gif
C:\Program Files (x86)\EWSoftware\Sandcastle Help File Builder\PresentationStyles\VS2013\icons\pubfield.gif -&gt; C:\Gitlab-Runner\builds\bj3q1iez\0\sdk\datalogic-xamarin-sdk\Documentation\Help\Working\Output\Website\icons\pubfield.gif
C:\Program Files (x86)\EWSoftware\Sandcastle Help File Builder\PresentationStyles\VS2013\icons\pubinterface.gif -&gt; C:\Gitlab-Runner\builds\bj3q1iez\0\sdk\datalogic-xamarin-sdk\Documentation\Help\Working\Output\Website\icons\pubinterface.gif
C:\Program Files (x86)\EWSoftware\Sandcastle Help File Builder\PresentationStyles\VS2013\icons\pubmethod.gif -&gt; C:\Gitlab-Runner\builds\bj3q1iez\0\sdk\datalogic-xamarin-sdk\Documentation\Help\Working\Output\Website\icons\pubmethod.gif
C:\Program Files (x86)\EWSoftware\Sandcastle Help File Builder\PresentationStyles\VS2013\icons\puboperator.gif -&gt; C:\Gitlab-Runner\builds\bj3q1iez\0\sdk\datalogic-xamarin-sdk\Documentation\Help\Working\Output\Website\icons\puboperator.gif
C:\Program Files (x86)\EWSoftware\Sandcastle Help File Builder\PresentationStyles\VS2013\icons\pubproperty.gif -&gt; C:\Gitlab-Runner\builds\bj3q1iez\0\sdk\datalogic-xamarin-sdk\Documentation\Help\Working\Output\Website\icons\pubproperty.gif
C:\Program Files (x86)\EWSoftware\Sandcastle Help File Builder\PresentationStyles\VS2013\icons\pubstructure.gif -&gt; C:\Gitlab-Runner\builds\bj3q1iez\0\sdk\datalogic-xamarin-sdk\Documentation\Help\Working\Output\Website\icons\pubstructure.gif
C:\Program Files (x86)\EWSoftware\Sandcastle Help File Builder\PresentationStyles\VS2013\icons\SectionCollapsed.png -&gt; C:\Gitlab-Runner\builds\bj3q1iez\0\sdk\datalogic-xamarin-sdk\Documentation\Help\Working\Output\Website\icons\SectionCollapsed.png
C:\Program Files (x86)\EWSoftware\Sandcastle Help File Builder\PresentationStyles\VS2013\icons\SectionExpanded.png -&gt; C:\Gitlab-Runner\builds\bj3q1iez\0\sdk\datalogic-xamarin-sdk\Documentation\Help\Working\Output\Website\icons\SectionExpanded.png
C:\Program Files (x86)\EWSoftware\Sandcastle Help File Builder\PresentationStyles\VS2013\icons\slMobile.gif -&gt; C:\Gitlab-Runner\builds\bj3q1iez\0\sdk\datalogic-xamarin-sdk\Documentation\Help\Working\Output\Website\icons\slMobile.gif
C:\Program Files (x86)\EWSoftware\Sandcastle Help File Builder\PresentationStyles\VS2013\icons\static.gif -&gt; C:\Gitlab-Runner\builds\bj3q1iez\0\sdk\datalogic-xamarin-sdk\Documentation\Help\Working\Output\Website\icons\static.gif
C:\Program Files (x86)\EWSoftware\Sandcastle Help File Builder\PresentationStyles\VS2013\icons\xna.gif -&gt; C:\Gitlab-Runner\builds\bj3q1iez\0\sdk\datalogic-xamarin-sdk\Documentation\Help\Working\Output\Website\icons\xna.gif
C:\Program Files (x86)\EWSoftware\Sandcastle Help File Builder\PresentationStyles\VS2013\scripts\branding.js -&gt; C:\Gitlab-Runner\builds\bj3q1iez\0\sdk\datalogic-xamarin-sdk\Documentation\Help\Working\Output\Website\scripts\branding.js
C:\Program Files (x86)\EWSoftware\Sandcastle Help File Builder\PresentationStyles\VS2013\styles\branding-cs-CZ.css -&gt; C:\Gitlab-Runner\builds\bj3q1iez\0\sdk\datalogic-xamarin-sdk\Documentation\Help\Working\Output\Website\styles\branding-cs-CZ.css
C:\Program Files (x86)\EWSoftware\Sandcastle Help File Builder\PresentationStyles\VS2013\styles\branding-de-DE.css -&gt; C:\Gitlab-Runner\builds\bj3q1iez\0\sdk\datalogic-xamarin-sdk\Documentation\Help\Working\Output\Website\styles\branding-de-DE.css
C:\Program Files (x86)\EWSoftware\Sandcastle Help File Builder\PresentationStyles\VS2013\styles\branding-en-US.css -&gt; C:\Gitlab-Runner\builds\bj3q1iez\0\sdk\datalogic-xamarin-sdk\Documentation\Help\Working\Output\Website\styles\branding-en-US.css
C:\Program Files (x86)\EWSoftware\Sandcastle Help File Builder\PresentationStyles\VS2013\styles\branding-es-ES.css -&gt; C:\Gitlab-Runner\builds\bj3q1iez\0\sdk\datalogic-xamarin-sdk\Documentation\Help\Working\Output\Website\styles\branding-es-ES.css
C:\Program Files (x86)\EWSoftware\Sandcastle Help File Builder\PresentationStyles\VS2013\styles\branding-fr-FR.css -&gt; C:\Gitlab-Runner\builds\bj3q1iez\0\sdk\datalogic-xamarin-sdk\Documentation\Help\Working\Output\Website\styles\branding-fr-FR.css
C:\Program Files (x86)\EWSoftware\Sandcastle Help File Builder\PresentationStyles\VS2013\styles\branding-Help1.css -&gt; C:\Gitlab-Runner\builds\bj3q1iez\0\sdk\datalogic-xamarin-sdk\Documentation\Help\Working\Output\Website\styles\branding-Help1.css
C:\Program Files (x86)\EWSoftware\Sandcastle Help File Builder\PresentationStyles\VS2013\styles\branding-HelpViewer.css -&gt; C:\Gitlab-Runner\builds\bj3q1iez\0\sdk\datalogic-xamarin-sdk\Documentation\Help\Working\Output\Website\styles\branding-HelpViewer.css
C:\Program Files (x86)\EWSoftware\Sandcastle Help File Builder\PresentationStyles\VS2013\styles\branding-it-IT.css -&gt; C:\Gitlab-Runner\builds\bj3q1iez\0\sdk\datalogic-xamarin-sdk\Documentation\Help\Working\Output\Website\styles\branding-it-IT.css
C:\Program Files (x86)\EWSoftware\Sandcastle Help File Builder\PresentationStyles\VS2013\styles\branding-ja-JP.css -&gt; C:\Gitlab-Runner\builds\bj3q1iez\0\sdk\datalogic-xamarin-sdk\Documentation\Help\Working\Output\Website\styles\branding-ja-JP.css
C:\Program Files (x86)\EWSoftware\Sandcastle Help File Builder\PresentationStyles\VS2013\styles\branding-ko-KR.css -&gt; C:\Gitlab-Runner\builds\bj3q1iez\0\sdk\datalogic-xamarin-sdk\Documentation\Help\Working\Output\Website\styles\branding-ko-KR.css
C:\Program Files (x86)\EWSoftware\Sandcastle Help File Builder\PresentationStyles\VS2013\styles\branding-pl-PL.css -&gt; C:\Gitlab-Runner\builds\bj3q1iez\0\sdk\datalogic-xamarin-sdk\Documentation\Help\Working\Output\Website\styles\branding-pl-PL.css
C:\Program Files (x86)\EWSoftware\Sandcastle Help File Builder\PresentationStyles\VS2013\styles\branding-pt-BR.css -&gt; C:\Gitlab-Runner\builds\bj3q1iez\0\sdk\datalogic-xamarin-sdk\Documentation\Help\Working\Output\Website\styles\branding-pt-BR.css
C:\Program Files (x86)\EWSoftware\Sandcastle Help File Builder\PresentationStyles\VS2013\styles\branding-ru-RU.css -&gt; C:\Gitlab-Runner\builds\bj3q1iez\0\sdk\datalogic-xamarin-sdk\Documentation\Help\Working\Output\Website\styles\branding-ru-RU.css
C:\Program Files (x86)\EWSoftware\Sandcastle Help File Builder\PresentationStyles\VS2013\styles\branding-tr-TR.css -&gt; C:\Gitlab-Runner\builds\bj3q1iez\0\sdk\datalogic-xamarin-sdk\Documentation\Help\Working\Output\Website\styles\branding-tr-TR.css
C:\Program Files (x86)\EWSoftware\Sandcastle Help File Builder\PresentationStyles\VS2013\styles\branding-Website.css -&gt; C:\Gitlab-Runner\builds\bj3q1iez\0\sdk\datalogic-xamarin-sdk\Documentation\Help\Working\Output\Website\styles\branding-Website.css
C:\Program Files (x86)\EWSoftware\Sandcastle Help File Builder\PresentationStyles\VS2013\styles\branding-zh-CN.css -&gt; C:\Gitlab-Runner\builds\bj3q1iez\0\sdk\datalogic-xamarin-sdk\Documentation\Help\Working\Output\Website\styles\branding-zh-CN.css
C:\Program Files (x86)\EWSoftware\Sandcastle Help File Builder\PresentationStyles\VS2013\styles\branding-zh-TW.css -&gt; C:\Gitlab-Runner\builds\bj3q1iez\0\sdk\datalogic-xamarin-sdk\Documentation\Help\Working\Output\Website\styles\branding-zh-TW.css
C:\Program Files (x86)\EWSoftware\Sandcastle Help File Builder\PresentationStyles\VS2013\styles\branding.css -&gt; C:\Gitlab-Runner\builds\bj3q1iez\0\sdk\datalogic-xamarin-sdk\Documentation\Help\Working\Output\Website\styles\branding.css
C:\Program Files (x86)\EWSoftware\Sandcastle Help File Builder\PresentationStyles\VS2013\Web\index.html -&gt; C:\Gitlab-Runner\builds\bj3q1iez\0\sdk\datalogic-xamarin-sdk\Documentation\Help\Working\Output\Website\index.html
C:\Program Files (x86)\EWSoftware\Sandcastle Help File Builder\PresentationStyles\VS2013\Web\search.html -&gt; C:\Gitlab-Runner\builds\bj3q1iez\0\sdk\datalogic-xamarin-sdk\Documentation\Help\Working\Output\Website\search.html
C:\Program Files (x86)\EWSoftware\Sandcastle Help File Builder\PresentationStyles\VS2013\Web\SearchHelp.aspx -&gt; C:\Gitlab-Runner\builds\bj3q1iez\0\sdk\datalogic-xamarin-sdk\Documentation\Help\Working\Output\Website\SearchHelp.aspx
C:\Program Files (x86)\EWSoftware\Sandcastle Help File Builder\PresentationStyles\VS2013\Web\SearchHelp.inc.php -&gt; C:\Gitlab-Runner\builds\bj3q1iez\0\sdk\datalogic-xamarin-sdk\Documentation\Help\Working\Output\Website\SearchHelp.inc.php
C:\Program Files (x86)\EWSoftware\Sandcastle Help File Builder\PresentationStyles\VS2013\Web\SearchHelp.php -&gt; C:\Gitlab-Runner\builds\bj3q1iez\0\sdk\datalogic-xamarin-sdk\Documentation\Help\Working\Output\Website\SearchHelp.php
C:\Program Files (x86)\EWSoftware\Sandcastle Help File Builder\PresentationStyles\VS2013\Web\Web.Config -&gt; C:\Gitlab-Runner\builds\bj3q1iez\0\sdk\datalogic-xamarin-sdk\Documentation\Help\Working\Output\Website\Web.Config
C:\Program Files (x86)\EWSoftware\Sandcastle Help File Builder\PresentationStyles\VS2013\Web\html\GeneralError.htm -&gt; C:\Gitlab-Runner\builds\bj3q1iez\0\sdk\datalogic-xamarin-sdk\Documentation\Help\Working\Output\Website\html\GeneralError.htm
C:\Program Files (x86)\EWSoftware\Sandcastle Help File Builder\PresentationStyles\VS2013\Web\html\PageNotFound.htm -&gt; C:\Gitlab-Runner\builds\bj3q1iez\0\sdk\datalogic-xamarin-sdk\Documentation\Help\Working\Output\Website\html\PageNotFound.htm
C:\Program Files (x86)\EWSoftware\Sandcastle Help File Builder\PresentationStyles\VS2013\Web\icons\Search.png -&gt; C:\Gitlab-Runner\builds\bj3q1iez\0\sdk\datalogic-xamarin-sdk\Documentation\Help\Working\Output\Website\icons\Search.png
C:\Program Files (x86)\EWSoftware\Sandcastle Help File Builder\PresentationStyles\VS2013\Web\icons\TocClose.gif -&gt; C:\Gitlab-Runner\builds\bj3q1iez\0\sdk\datalogic-xamarin-sdk\Documentation\Help\Working\Output\Website\icons\TocClose.gif
C:\Program Files (x86)\EWSoftware\Sandcastle Help File Builder\PresentationStyles\VS2013\Web\icons\TocCollapsed.gif -&gt; C:\Gitlab-Runner\builds\bj3q1iez\0\sdk\datalogic-xamarin-sdk\Documentation\Help\Working\Output\Website\icons\TocCollapsed.gif
C:\Program Files (x86)\EWSoftware\Sandcastle Help File Builder\PresentationStyles\VS2013\Web\icons\TocExpanded.gif -&gt; C:\Gitlab-Runner\builds\bj3q1iez\0\sdk\datalogic-xamarin-sdk\Documentation\Help\Working\Output\Website\icons\TocExpanded.gif
C:\Program Files (x86)\EWSoftware\Sandcastle Help File Builder\PresentationStyles\VS2013\Web\icons\TocOpen.gif -&gt; C:\Gitlab-Runner\builds\bj3q1iez\0\sdk\datalogic-xamarin-sdk\Documentation\Help\Working\Output\Website\icons\TocOpen.gif
C:\Program Files (x86)\EWSoftware\Sandcastle Help File Builder\PresentationStyles\VS2013\Web\scripts\branding-Website.js -&gt; C:\Gitlab-Runner\builds\bj3q1iez\0\sdk\datalogic-xamarin-sdk\Documentation\Help\Working\Output\Website\scripts\branding-Website.js
C:\Program Files (x86)\EWSoftware\Sandcastle Help File Builder\PresentationStyles\VS2013\Web\scripts\clipboard.min.js -&gt; C:\Gitlab-Runner\builds\bj3q1iez\0\sdk\datalogic-xamarin-sdk\Documentation\Help\Working\Output\Website\scripts\clipboard.min.js
C:\Program Files (x86)\EWSoftware\Sandcastle Help File Builder\PresentationStyles\VS2013\Web\scripts\jquery-3.3.1.min.js -&gt; C:\Gitlab-Runner\builds\bj3q1iez\0\sdk\datalogic-xamarin-sdk\Documentation\Help\Working\Output\Website\scripts\jquery-3.3.1.min.js
    Last step completed in 00:00:01.2081
</buildStep>
<buildStep step="GenerateHelpFormatTableOfContents">
Generating website table of contents file...
    Last step completed in 00:00:00.0010
</buildStep>
<buildStep step="GenerateFullTextIndex">
Generating full-text index for the website...

<plugIn name="Lightweight Website Style" behavior="After" priority="1000">
Adding lightweight search and TOC elements to each topic...
</plugIn>    Last step completed in 00:00:27.2078
</buildStep>
<buildStep step="CopyingWebsiteFiles">
Copying website files to output folder...

Copied 500 files
Copied 1000 files
Copied 1500 files
Copied 2000 files
Copied 2500 files
Copied 3000 files
Copied 3500 files
Copied 4000 files
Copied 4500 files
Copied 4742 files for the website content
    Last step completed in 00:01:38.7986
</buildStep>
<buildStep step="CleanIntermediates">
Removing intermediate files...
    Last step completed in 00:00:05.0763
</buildStep>
<buildStep step="Completed">

Build completed successfully at 12/15/2022 7:59:06 PM.  Total time: 00:03:29.6991

</buildStep>
</shfbBuild>
